<?xml version="1.0" encoding="UTF-8"?>
<testsuite xmlns:xsi="http://www.w3.org/2001/XMLSchema-instance" xsi:noNamespaceSchemaLocation="https://maven.apache.org/surefire/maven-surefire-plugin/xsd/surefire-test-report-3.0.xsd" version="3.0" name="org.neo4j.gspatial.SpatialFunctionsTest" time="114.7" tests="23" errors="0" skipped="0" failures="0">
  <properties>
[...]
</properties>
  <testcase name="testConvex_Hull" classname="org.neo4j.gspatial.SpatialFunctionsTest" time="0.516"/>
  <testcase name="testTouches" classname="org.neo4j.gspatial.SpatialFunctionsTest" time="2.308"/>
  <testcase name="testBoundary" classname="org.neo4j.gspatial.SpatialFunctionsTest" time="1.824"/>
  <testcase name="testEnvelope" classname="org.neo4j.gspatial.SpatialFunctionsTest" time="0.044"/>
  <testcase name="testUnion" classname="org.neo4j.gspatial.SpatialFunctionsTest" time="47.119"/>
  <testcase name="testArea" classname="org.neo4j.gspatial.SpatialFunctionsTest" time="0.04"/>
  <testcase name="testSRID" classname="org.neo4j.gspatial.SpatialFunctionsTest" time="0.043"/>
  <testcase name="testDimension" classname="org.neo4j.gspatial.SpatialFunctionsTest" time="0.041"/>
  <testcase name="testCentroid" classname="org.neo4j.gspatial.SpatialFunctionsTest" time="0.046"/>
  <testcase name="testContains" classname="org.neo4j.gspatial.SpatialFunctionsTest" time="1.745"/>
  <testcase name="testCovered_By" classname="org.neo4j.gspatial.SpatialFunctionsTest" time="1.715"/>
  <testcase name="testCrosses" classname="org.neo4j.gspatial.SpatialFunctionsTest" time="0.298"/>
  <testcase name="testDisjoint" classname="org.neo4j.gspatial.SpatialFunctionsTest" time="1.824"/>
  <testcase name="testDistance" classname="org.neo4j.gspatial.SpatialFunctionsTest" time="2.704"/>
  <testcase name="testDifference" classname="org.neo4j.gspatial.SpatialFunctionsTest" time="22.447"/>
  <testcase name="testIntersection" classname="org.neo4j.gspatial.SpatialFunctionsTest" time="4.403"/>
  <testcase name="testBuffer" classname="org.neo4j.gspatial.SpatialFunctionsTest" time="0.249"/>
  <testcase name="testOverlaps" classname="org.neo4j.gspatial.SpatialFunctionsTest" time="1.759"/>
  <testcase name="testCovers" classname="org.neo4j.gspatial.SpatialFunctionsTest" time="1.715"/>
  <testcase name="testEquals" classname="org.neo4j.gspatial.SpatialFunctionsTest" time="1.953"/>
  <testcase name="testLength" classname="org.neo4j.gspatial.SpatialFunctionsTest" time="0.03"/>
  <testcase name="testWithin" classname="org.neo4j.gspatial.SpatialFunctionsTest" time="2.492"/>
  <testcase name="testIntersects" classname="org.neo4j.gspatial.SpatialFunctionsTest" time="2.44"/>
</testsuite>